[22:54:11] [main/INFO]: Setting user: Player750
[22:54:12] [Client thread/INFO]: LWJGL Version: 2.9.1
[22:54:15] [Client thread/INFO]: Reloading ResourceManager: Default, FMLFileResourcePack:Forge Mod Loader, FMLFileResourcePack:Minecraft Forge, FMLFileResourcePack:Cybernetics
[22:54:16] [Sound Library Loader/INFO]: Sound engine started
[22:54:17] [Client thread/INFO]: Created: 512x256 textures/blocks-atlas
[22:54:17] [Client thread/INFO]: Created: 256x256 textures/items-atlas
[22:54:17] [Client thread/INFO]: Reloading ResourceManager: Default, FMLFileResourcePack:Forge Mod Loader, FMLFileResourcePack:Minecraft Forge, FMLFileResourcePack:Cybernetics
[22:54:17] [Client thread/INFO]: Created: 256x256 textures/items-atlas
[22:54:18] [Client thread/INFO]: Created: 512x256 textures/blocks-atlas
[22:54:18] [Sound Library Loader/INFO]: Sound engine started
[22:54:21] [Server thread/INFO]: Starting integrated minecraft server version 1.7.10
[22:54:21] [Server thread/INFO]: Generating keypair
[22:54:21] [Server thread/INFO]: Preparing start region for level 0
[22:54:22] [Server thread/INFO]: Changing view distance to 12, from 10
[22:54:22] [Server thread/INFO]: Player750[local:E:2485be66] logged in with entity id 334 at (89.22028016391326, 63.0, 269.6016407870697)
[22:54:22] [Server thread/INFO]: Player750 joined the game
[22:54:26] [Server thread/INFO]: Player750 has just earned the achievement [Taking Inventory]
[22:54:26] [Client thread/INFO]: [CHAT] Player750 has just earned the achievement [Taking Inventory]
[22:54:35] [Server thread/INFO]: Saving and pausing game...
[22:54:35] [Server thread/INFO]: Saving chunks for level 'New World'/Overworld
[22:54:35] [Server thread/INFO]: Saving chunks for level 'New World'/Nether
[22:54:35] [Server thread/INFO]: Saving chunks for level 'New World'/The End
[22:54:36] [Server thread/INFO]: Stopping server
[22:54:36] [Server thread/INFO]: Saving players
[22:54:36] [Server thread/INFO]: Saving worlds
[22:54:36] [Server thread/INFO]: Saving chunks for level 'New World'/Overworld
[22:54:36] [Server thread/INFO]: Saving chunks for level 'New World'/Nether
[22:54:36] [Server thread/INFO]: Saving chunks for level 'New World'/The End
[22:54:38] [Client thread/INFO]: Stopping!
